{
  "RSpec": {
    "coverage": {
      "/Users/jingdong/Projects/wdi30-classwork/09-tdd/fruitstore/spec/models/fruit_spec.rb": [
        1,
        null,
        1,
        null,
        2,
        null,
        1,
        1,
        2,
        null,
        null,
        1,
        1,
        null,
        null,
        1,
        1,
        0,
        0,
        0,
        0,
        0,
        null,
        null,
        null,
        1,
        1,
        2,
        null,
        null,
        1,
        1,
        null,
        null,
        1,
        1,
        0,
        0,
        0,
        0,
        0,
        null,
        null,
        null
      ],
      "/Users/jingdong/Projects/wdi30-classwork/09-tdd/fruitstore/spec/rails_helper.rb": [
        null,
        1,
        1,
        1,
        null,
        1,
        1,
        null,
        null,
        null,
        null,
        null,
        null,
        null,
        null,
        null,
        null,
        null,
        null,
        null,
        null,
        null,
        null,
        null,
        null,
        null,
        1,
        1,
        null,
        0,
        0,
        null,
        1,
        null,
        1,
        null,
        null,
        null,
        null,
        1,
        null,
        null,
        null,
        null,
        null,
        null,
        null,
        null,
        null,
        null,
        null,
        null,
        null,
        null,
        1,
        null,
        null,
        1,
        null,
        null,
        null,
        null,
        1,
        1,
        1,
        1,
        null,
        null
      ],
      "/Users/jingdong/Projects/wdi30-classwork/09-tdd/fruitstore/config/environment.rb": [
        null,
        1,
        null,
        null,
        1
      ],
      "/Users/jingdong/Projects/wdi30-classwork/09-tdd/fruitstore/config/application.rb": [
        1,
        null,
        1,
        null,
        1,
        1,
        1,
        1,
        1,
        1,
        1,
        1,
        1,
        null,
        null,
        null,
        null,
        1,
        null,
        1,
        1,
        null,
        1,
        null,
        null,
        null,
        null,
        null,
        null,
        null,
        1,
        null,
        null
      ],
      "/Users/jingdong/Projects/wdi30-classwork/09-tdd/fruitstore/config/boot.rb": [
        1,
        null,
        1,
        1
      ],
      "/Users/jingdong/Projects/wdi30-classwork/09-tdd/fruitstore/config/environments/test.rb": [
        1,
        null,
        null,
        null,
        null,
        null,
        null,
        1,
        null,
        null,
        null,
        null,
        1,
        null,
        null,
        1,
        1,
        null,
        null,
        null,
        null,
        1,
        1,
        null,
        null,
        1,
        null,
        null,
        1,
        null,
        null,
        1,
        null,
        1,
        null,
        null,
        null,
        null,
        1,
        null,
        null,
        1,
        null,
        null,
        null,
        null
      ],
      "/Users/jingdong/Projects/wdi30-classwork/09-tdd/fruitstore/config/initializers/application_controller_renderer.rb": [
        null,
        null,
        null,
        null,
        null,
        null,
        null,
        null
      ],
      "/Users/jingdong/Projects/wdi30-classwork/09-tdd/fruitstore/config/initializers/assets.rb": [
        null,
        null,
        null,
        1,
        null,
        null,
        null,
        null,
        1,
        null,
        null,
        null,
        null,
        null
      ],
      "/Users/jingdong/Projects/wdi30-classwork/09-tdd/fruitstore/config/initializers/backtrace_silencers.rb": [
        null,
        null,
        null,
        null,
        null,
        null,
        null
      ],
      "/Users/jingdong/Projects/wdi30-classwork/09-tdd/fruitstore/config/initializers/content_security_policy.rb": [
        null,
        null,
        null,
        null,
        null,
        null,
        null,
        null,
        null,
        null,
        null,
        null,
        null,
        null,
        null,
        null,
        null,
        null,
        null,
        null,
        null,
        null,
        null,
        null,
        null
      ],
      "/Users/jingdong/Projects/wdi30-classwork/09-tdd/fruitstore/config/initializers/cookies_serializer.rb": [
        null,
        null,
        null,
        null,
        1
      ],
      "/Users/jingdong/Projects/wdi30-classwork/09-tdd/fruitstore/config/initializers/filter_parameter_logging.rb": [
        null,
        null,
        null,
        1
      ],
      "/Users/jingdong/Projects/wdi30-classwork/09-tdd/fruitstore/config/initializers/inflections.rb": [
        null,
        null,
        null,
        null,
        null,
        null,
        null,
        null,
        null,
        null,
        null,
        null,
        null,
        null,
        null,
        null
      ],
      "/Users/jingdong/Projects/wdi30-classwork/09-tdd/fruitstore/config/initializers/mime_types.rb": [
        null,
        null,
        null,
        null
      ],
      "/Users/jingdong/Projects/wdi30-classwork/09-tdd/fruitstore/config/initializers/wrap_parameters.rb": [
        null,
        null,
        null,
        null,
        null,
        null,
        1,
        2,
        null,
        null,
        null,
        null,
        null,
        null
      ],
      "/Users/jingdong/Projects/wdi30-classwork/09-tdd/fruitstore/config/routes.rb": [
        1,
        null,
        null
      ],
      "/Users/jingdong/Projects/wdi30-classwork/09-tdd/fruitstore/app/helpers/application_helper.rb": [
        1,
        null
      ],
      "/Users/jingdong/Projects/wdi30-classwork/09-tdd/fruitstore/app/models/fruit.rb": [
        1,
        1,
        1,
        2,
        null,
        null,
        null,
        null
      ],
      "/Users/jingdong/Projects/wdi30-classwork/09-tdd/fruitstore/app/models/application_record.rb": [
        1,
        1,
        null
      ],
      "/Users/jingdong/Projects/wdi30-classwork/09-tdd/fruitstore/spec/models/shelf_spec.rb": [
        1,
        null,
        1,
        null,
        2,
        null
      ],
      "/Users/jingdong/Projects/wdi30-classwork/09-tdd/fruitstore/app/models/shelf.rb": [
        1,
        1,
        null
      ]
    },
    "timestamp": 1550461678
  }
}
